<?xml version="1.0" encoding="UTF-8"?>
<!-- Generated by org.testng.reporters.JUnitReportReporter -->
<testsuite hostname="LTIN454249" failures="0" tests="13" name="testCases.TC004_BusinessCoursera" time="78.938" errors="0" timestamp="2024-02-26T18:06:16 IST" skipped="0">
  <testcase classname="testCases.TC004_BusinessCoursera" name="searchHomePage" time="8.381"/>
  <system-out/>
  <testcase classname="testCases.TC004_BusinessCoursera" name="levelSelector" time="3.367"/>
  <system-out/>
  <testcase classname="testCases.TC004_BusinessCoursera" name="languageSelect" time="19.275"/>
  <system-out/>
  <testcase classname="testCases.TC004_BusinessCoursera" name="Result" time="2.061"/>
  <system-out/>
  <testcase classname="testCases.TC004_BusinessCoursera" name="deatilsFirstCard" time="1.719"/>
  <system-out/>
  <testcase classname="testCases.TC004_BusinessCoursera" name="Headings" time="2.524"/>
  <system-out/>
  <testcase classname="testCases.TC004_BusinessCoursera" name="Search2" time="6.984"/>
  <system-out/>
  <testcase classname="testCases.TC004_BusinessCoursera" name="displayLevels" time="0.286"/>
  <system-out/>
  <testcase classname="testCases.TC004_BusinessCoursera" name="displayLanguages" time="7.845"/>
  <system-out/>
  <testcase classname="testCases.TC004_BusinessCoursera" name="ThirdtimeHomepage" time="10.679"/>
  <system-out/>
  <testcase classname="testCases.TC004_BusinessCoursera" name="clickSolution" time="2.841"/>
  <system-out/>
  <testcase classname="testCases.TC004_BusinessCoursera" name="clickContactUs" time="4.478"/>
  <system-out/>
  <testcase classname="testCases.TC004_BusinessCoursera" name="details" time="8.498"/>
  <system-out/>
</testsuite> <!-- testCases.TC004_BusinessCoursera -->
