<?xml version="1.0" encoding="UTF-8"?>
<!-- Generated by org.testng.reporters.JUnitReportReporter -->
<testsuite hostname="LTIN454249" failures="0" tests="13" name="testCases.TC004_BusinessCoursera" time="83.695" errors="0" timestamp="2024-03-08T23:03:21 IST" skipped="0">
  <testcase classname="testCases.TC004_BusinessCoursera" name="searchHomePage" time="6.832"/>
  <system-out/>
  <testcase classname="testCases.TC004_BusinessCoursera" name="levelSelector" time="3.378"/>
  <system-out/>
  <testcase classname="testCases.TC004_BusinessCoursera" name="languageSelect" time="19.402"/>
  <system-out/>
  <testcase classname="testCases.TC004_BusinessCoursera" name="Result" time="2.045"/>
  <system-out/>
  <testcase classname="testCases.TC004_BusinessCoursera" name="deatilsFirstCard" time="1.704"/>
  <system-out/>
  <testcase classname="testCases.TC004_BusinessCoursera" name="Headings" time="4.753"/>
  <system-out/>
  <testcase classname="testCases.TC004_BusinessCoursera" name="Search2" time="6.961"/>
  <system-out/>
  <testcase classname="testCases.TC004_BusinessCoursera" name="displayLevels" time="0.379"/>
  <system-out/>
  <testcase classname="testCases.TC004_BusinessCoursera" name="displayLanguages" time="8.505"/>
  <system-out/>
  <testcase classname="testCases.TC004_BusinessCoursera" name="ThirdtimeHomepage" time="11.730"/>
  <system-out/>
  <testcase classname="testCases.TC004_BusinessCoursera" name="clickSolution" time="4.537"/>
  <system-out/>
  <testcase classname="testCases.TC004_BusinessCoursera" name="clickContactUs" time="4.703"/>
  <system-out/>
  <testcase classname="testCases.TC004_BusinessCoursera" name="details" time="8.766"/>
  <system-out/>
</testsuite> <!-- testCases.TC004_BusinessCoursera -->
