<?xml version="1.0" encoding="UTF-8"?>
<!-- Generated by org.testng.reporters.JUnitReportReporter -->
<testsuite hostname="LTIN454249" failures="0" tests="13" name="testCases.TC004_BusinessCoursera" time="76.738" errors="0" timestamp="2024-03-07T14:57:24 IST" skipped="0">
  <testcase classname="testCases.TC004_BusinessCoursera" name="searchHomePage" time="8.013"/>
  <system-out/>
  <testcase classname="testCases.TC004_BusinessCoursera" name="levelSelector" time="3.277"/>
  <system-out/>
  <testcase classname="testCases.TC004_BusinessCoursera" name="languageSelect" time="19.231"/>
  <system-out/>
  <testcase classname="testCases.TC004_BusinessCoursera" name="Result" time="2.051"/>
  <system-out/>
  <testcase classname="testCases.TC004_BusinessCoursera" name="deatilsFirstCard" time="1.523"/>
  <system-out/>
  <testcase classname="testCases.TC004_BusinessCoursera" name="Headings" time="3.002"/>
  <system-out/>
  <testcase classname="testCases.TC004_BusinessCoursera" name="Search2" time="5.906"/>
  <system-out/>
  <testcase classname="testCases.TC004_BusinessCoursera" name="displayLevels" time="0.335"/>
  <system-out/>
  <testcase classname="testCases.TC004_BusinessCoursera" name="displayLanguages" time="7.259"/>
  <system-out/>
  <testcase classname="testCases.TC004_BusinessCoursera" name="ThirdtimeHomepage" time="11.609"/>
  <system-out/>
  <testcase classname="testCases.TC004_BusinessCoursera" name="clickSolution" time="2.831"/>
  <system-out/>
  <testcase classname="testCases.TC004_BusinessCoursera" name="clickContactUs" time="3.291"/>
  <system-out/>
  <testcase classname="testCases.TC004_BusinessCoursera" name="details" time="8.410"/>
  <system-out/>
</testsuite> <!-- testCases.TC004_BusinessCoursera -->
