<?xml version="1.0" encoding="UTF-8"?>
<!-- Generated by org.testng.reporters.JUnitReportReporter -->
<testsuite hostname="LTIN454249" failures="0" tests="13" name="testCases.TC004_BusinessCoursera" time="281.113" errors="0" timestamp="2024-03-11T17:07:18 IST" skipped="0">
  <testcase classname="testCases.TC004_BusinessCoursera" name="searchHomePage" time="15.543"/>
  <system-out/>
  <testcase classname="testCases.TC004_BusinessCoursera" name="levelSelector" time="3.451"/>
  <system-out/>
  <testcase classname="testCases.TC004_BusinessCoursera" name="languageSelect" time="19.309"/>
  <system-out/>
  <testcase classname="testCases.TC004_BusinessCoursera" name="Result" time="2.058"/>
  <system-out/>
  <testcase classname="testCases.TC004_BusinessCoursera" name="deatilsFirstCard" time="1.486"/>
  <system-out/>
  <testcase classname="testCases.TC004_BusinessCoursera" name="Headings" time="6.268"/>
  <system-out/>
  <testcase classname="testCases.TC004_BusinessCoursera" name="Search2" time="15.744"/>
  <system-out/>
  <testcase classname="testCases.TC004_BusinessCoursera" name="displayLevels" time="0.411"/>
  <system-out/>
  <testcase classname="testCases.TC004_BusinessCoursera" name="displayLanguages" time="11.410"/>
  <system-out/>
  <testcase classname="testCases.TC004_BusinessCoursera" name="ThirdtimeHomepage" time="170.581"/>
  <system-out/>
  <testcase classname="testCases.TC004_BusinessCoursera" name="clickSolution" time="16.537"/>
  <system-out/>
  <testcase classname="testCases.TC004_BusinessCoursera" name="clickContactUs" time="9.355"/>
  <system-out/>
  <testcase classname="testCases.TC004_BusinessCoursera" name="details" time="8.960"/>
  <system-out/>
</testsuite> <!-- testCases.TC004_BusinessCoursera -->
